{"C:\\Class\\Interview MT\\Feebback Portal\\server\\src\\services\\feedback\\FeedbackService.ts": {"path":"C:\\Class\\Interview MT\\Feebback Portal\\server\\src\\services\\feedback\\FeedbackService.ts","statementMap":{"0":{"start":{"line":8,"column":4},"end":{"line":8,"column":48}},"1":{"start":{"line":12,"column":4},"end":{"line":20,"column":5}},"2":{"start":{"line":13,"column":23},"end":{"line":14,"column":null}},"3":{"start":{"line":16,"column":6},"end":{"line":16,"column":22}},"4":{"start":{"line":18,"column":6},"end":{"line":18,"column":52}},"5":{"start":{"line":19,"column":6},"end":{"line":19,"column":18}},"6":{"start":{"line":24,"column":4},"end":{"line":28,"column":5}},"7":{"start":{"line":25,"column":6},"end":{"line":25,"column":71}},"8":{"start":{"line":27,"column":6},"end":{"line":27,"column":18}},"9":{"start":{"line":32,"column":6},"end":{"line":36,"column":7}},"10":{"start":{"line":33,"column":8},"end":{"line":33,"column":null}},"11":{"start":{"line":35,"column":8},"end":{"line":35,"column":null}},"12":{"start":{"line":40,"column":6},"end":{"line":44,"column":7}},"13":{"start":{"line":41,"column":8},"end":{"line":41,"column":null}},"14":{"start":{"line":43,"column":8},"end":{"line":43,"column":null}},"15":{"start":{"line":5,"column":0},"end":{"line":5,"column":13}}},"fnMap":{"0":{"name":"(anonymous_7)","decl":{"start":{"line":7,"column":2},"end":{"line":7,"column":14}},"loc":{"start":{"line":7,"column":52},"end":{"line":9,"column":3}}},"1":{"name":"(anonymous_8)","decl":{"start":{"line":11,"column":8},"end":{"line":11,"column":22}},"loc":{"start":{"line":11,"column":55},"end":{"line":21,"column":null}}},"2":{"name":"(anonymous_10)","decl":{"start":{"line":23,"column":8},"end":{"line":23,"column":27}},"loc":{"start":{"line":23,"column":42},"end":{"line":29,"column":null}}},"3":{"name":"(anonymous_12)","decl":{"start":{"line":31,"column":8},"end":{"line":31,"column":22}},"loc":{"start":{"line":31,"column":22},"end":{"line":37,"column":null}}},"4":{"name":"(anonymous_14)","decl":{"start":{"line":39,"column":8},"end":{"line":39,"column":16}},"loc":{"start":{"line":39,"column":50},"end":{"line":45,"column":null}}}},"branchMap":{},"s":{"0":4,"1":1,"2":1,"3":1,"4":0,"5":0,"6":1,"7":1,"8":0,"9":1,"10":1,"11":0,"12":1,"13":1,"14":0,"15":1},"f":{"0":4,"1":1,"2":1,"3":1,"4":1},"b":{}}
}
